# JRE version: Java(TM) SE Runtime Environment (8.0_65-b17) (build 1.8.0_65-b17)
# Java VM: Java HotSpot(TM) 64-Bit Server VM (25.65-b01 mixed mode windows-amd64 compressed oops)
Heap:
 PSYoungGen      total 400896K, used 196644K [0x00000000e0000000, 0x0000000100000000, 0x0000000100000000)
  eden space 343552K, 40% used [0x00000000e0000000,0x00000000e8809970,0x00000000f4f80000)
  from space 57344K, 99% used [0x00000000f4f80000,0x00000000f877f9f0,0x00000000f8780000)
  to   space 75264K, 0% used [0x00000000fb680000,0x00000000fb680000,0x0000000100000000)
 ParOldGen       total 128000K, used 78904K [0x00000000a0000000, 0x00000000a7d00000, 0x00000000e0000000)
  object space 128000K, 61% used [0x00000000a0000000,0x00000000a4d0e0b8,0x00000000a7d00000)
 Metaspace       used 73897K, capacity 77608K, committed 77824K, reserved 1116160K
  class space    used 9688K, capacity 10419K, committed 10496K, reserved 1048576K
GC Heap History (10 events):
Event: 284.783 GC heap before
{Heap before GC invocations=31 (full 7):
 PSYoungGen      total 318976K, used 285184K [0x00000000e0000000, 0x00000000f8e80000, 0x0000000100000000)
  eden space 285184K, 100% used [0x00000000e0000000,0x00000000f1680000,0x00000000f1680000)
  from space 33792K, 0% used [0x00000000f4300000,0x00000000f4300000,0x00000000f6400000)
  to   space 45568K, 0% used [0x00000000f1680000,0x00000000f1680000,0x00000000f4300000)
 ParOldGen       total 128000K, used 57039K [0x00000000a0000000, 0x00000000a7d00000, 0x00000000e0000000)
  object space 128000K, 44% used [0x00000000a0000000,0x00000000a37b3d78,0x00000000a7d00000)
 Metaspace       used 72963K, capacity 76392K, committed 76672K, reserved 1116160K
  class space    used 9594K, capacity 10267K, committed 10368K, reserved 1048576K
Event: 284.806 GC heap after
Heap after GC invocations=31 (full 7):
 PSYoungGen      total 330752K, used 8350K [0x00000000e0000000, 0x00000000faa80000, 0x0000000100000000)
  eden space 285184K, 0% used [0x00000000e0000000,0x00000000e0000000,0x00000000f1680000)
  from space 45568K, 18% used [0x00000000f1680000,0x00000000f1ea7968,0x00000000f4300000)
  to   space 55808K, 0% used [0x00000000f7400000,0x00000000f7400000,0x00000000faa80000)
 ParOldGen       total 128000K, used 57047K [0x00000000a0000000, 0x00000000a7d00000, 0x00000000e0000000)
  object space 128000K, 44% used [0x00000000a0000000,0x00000000a37b5d78,0x00000000a7d00000)
 Metaspace       used 72963K, capacity 76392K, committed 76672K, reserved 1116160K
  class space    used 9594K, capacity 10267K, committed 10368K, reserved 1048576K
}
Event: 292.914 GC heap before
{Heap before GC invocations=32 (full 7):
 PSYoungGen      total 330752K, used 293534K [0x00000000e0000000, 0x00000000faa80000, 0x0000000100000000)
  eden space 285184K, 100% used [0x00000000e0000000,0x00000000f1680000,0x00000000f1680000)
  from space 45568K, 18% used [0x00000000f1680000,0x00000000f1ea7968,0x00000000f4300000)
  to   space 55808K, 0% used [0x00000000f7400000,0x00000000f7400000,0x00000000faa80000)
 ParOldGen       total 128000K, used 57047K [0x00000000a0000000, 0x00000000a7d00000, 0x00000000e0000000)
  object space 128000K, 44% used [0x00000000a0000000,0x00000000a37b5d78,0x00000000a7d00000)
 Metaspace       used 73490K, capacity 77090K, committed 77184K, reserved 1116160K
  class space    used 9638K, capacity 10340K, committed 10368K, reserved 1048576K
Event: 292.928 GC heap after
Heap after GC invocations=32 (full 7):
 PSYoungGen      total 361472K, used 14972K [0x00000000e0000000, 0x00000000f9e00000, 0x0000000100000000)
  eden space 318464K, 0% used [0x00000000e0000000,0x00000000e0000000,0x00000000f3700000)
  from space 43008K, 34% used [0x00000000f7400000,0x00000000f829f208,0x00000000f9e00000)
  to   space 52736K, 0% used [0x00000000f3700000,0x00000000f3700000,0x00000000f6a80000)
 ParOldGen       total 128000K, used 57055K [0x00000000a0000000, 0x00000000a7d00000, 0x00000000e0000000)
  object space 128000K, 44% used [0x00000000a0000000,0x00000000a37b7d78,0x00000000a7d00000)
 Metaspace       used 73490K, capacity 77090K, committed 77184K, reserved 1116160K
  class space    used 9638K, capacity 10340K, committed 10368K, reserved 1048576K
}
Event: 293.844 GC heap before
{Heap before GC invocations=33 (full 7):
 PSYoungGen      total 361472K, used 333436K [0x00000000e0000000, 0x00000000f9e00000, 0x0000000100000000)
  eden space 318464K, 100% used [0x00000000e0000000,0x00000000f3700000,0x00000000f3700000)
  from space 43008K, 34% used [0x00000000f7400000,0x00000000f829f208,0x00000000f9e00000)
  to   space 52736K, 0% used [0x00000000f3700000,0x00000000f3700000,0x00000000f6a80000)
 ParOldGen       total 128000K, used 57055K [0x00000000a0000000, 0x00000000a7d00000, 0x00000000e0000000)
  object space 128000K, 44% used [0x00000000a0000000,0x00000000a37b7d78,0x00000000a7d00000)
 Metaspace       used 73870K, capacity 77544K, committed 77824K, reserved 1116160K
  class space    used 9688K, capacity 10419K, committed 10496K, reserved 1048576K
Event: 293.866 GC heap after
Heap after GC invocations=33 (full 7):
 PSYoungGen      total 371200K, used 17812K [0x00000000e0000000, 0x00000000fb800000, 0x0000000100000000)
  eden space 318464K, 0% used [0x00000000e0000000,0x00000000e0000000,0x00000000f3700000)
  from space 52736K, 33% used [0x00000000f3700000,0x00000000f4865360,0x00000000f6a80000)
  to   space 49664K, 0% used [0x00000000f8780000,0x00000000f8780000,0x00000000fb800000)
 ParOldGen       total 128000K, used 57063K [0x00000000a0000000, 0x00000000a7d00000, 0x00000000e0000000)
  object space 128000K, 44% used [0x00000000a0000000,0x00000000a37b9d78,0x00000000a7d00000)
 Metaspace       used 73870K, capacity 77544K, committed 77824K, reserved 1116160K
  class space    used 9688K, capacity 10419K, committed 10496K, reserved 1048576K
}
Event: 294.235 GC heap before
{Heap before GC invocations=34 (full 7):
 PSYoungGen      total 371200K, used 336276K [0x00000000e0000000, 0x00000000fb800000, 0x0000000100000000)
  eden space 318464K, 100% used [0x00000000e0000000,0x00000000f3700000,0x00000000f3700000)
  from space 52736K, 33% used [0x00000000f3700000,0x00000000f4865360,0x00000000f6a80000)
  to   space 49664K, 0% used [0x00000000f8780000,0x00000000f8780000,0x00000000fb800000)
 ParOldGen       total 128000K, used 57121K [0x00000000a0000000, 0x00000000a7d00000, 0x00000000e0000000)
  object space 128000K, 44% used [0x00000000a0000000,0x00000000a37c8448,0x00000000a7d00000)
 Metaspace       used 73886K, capacity 77608K, committed 77824K, reserved 1116160K
  class space    used 9688K, capacity 10419K, committed 10496K, reserved 1048576K
Event: 294.276 GC heap after
Heap after GC invocations=34 (full 7):
 PSYoungGen      total 393216K, used 48427K [0x00000000e0000000, 0x00000000fc380000, 0x0000000100000000)
  eden space 343552K, 0% used [0x00000000e0000000,0x00000000e0000000,0x00000000f4f80000)
  from space 49664K, 97% used [0x00000000f8780000,0x00000000fb6cad40,0x00000000fb800000)
  to   space 57344K, 0% used [0x00000000f4f80000,0x00000000f4f80000,0x00000000f8780000)
 ParOldGen       total 128000K, used 57129K [0x00000000a0000000, 0x00000000a7d00000, 0x00000000e0000000)
  object space 128000K, 44% used [0x00000000a0000000,0x00000000a37ca448,0x00000000a7d00000)
 Metaspace       used 73886K, capacity 77608K, committed 77824K, reserved 1116160K
  class space    used 9688K, capacity 10419K, committed 10496K, reserved 1048576K
}
Event: 295.297 GC heap before
{Heap before GC invocations=35 (full 7):
 PSYoungGen      total 393216K, used 391979K [0x00000000e0000000, 0x00000000fc380000, 0x0000000100000000)
  eden space 343552K, 100% used [0x00000000e0000000,0x00000000f4f80000,0x00000000f4f80000)
  from space 49664K, 97% used [0x00000000f8780000,0x00000000fb6cad40,0x00000000fb800000)
  to   space 57344K, 0% used [0x00000000f4f80000,0x00000000f4f80000,0x00000000f8780000)
 ParOldGen       total 128000K, used 57131K [0x00000000a0000000, 0x00000000a7d00000, 0x00000000e0000000)
  object space 128000K, 44% used [0x00000000a0000000,0x00000000a37cac30,0x00000000a7d00000)
 Metaspace       used 73893K, capacity 77608K, committed 77824K, reserved 1116160K
  class space    used 9688K, capacity 10419K, committed 10496K, reserved 1048576K
Event: 295.441 GC heap after
Heap after GC invocations=35 (full 7):
 PSYoungGen      total 400896K, used 57342K [0x00000000e0000000, 0x0000000100000000, 0x0000000100000000)
  eden space 343552K, 0% used [0x00000000e0000000,0x00000000e0000000,0x00000000f4f80000)
  from space 57344K, 99% used [0x00000000f4f80000,0x00000000f877f9f0,0x00000000f8780000)
  to   space 75264K, 0% used [0x00000000fb680000,0x00000000fb680000,0x0000000100000000)
 ParOldGen       total 128000K, used 78904K [0x00000000a0000000, 0x00000000a7d00000, 0x00000000e0000000)
  object space 128000K, 61% used [0x00000000a0000000,0x00000000a4d0e0b8,0x00000000a7d00000)
 Metaspace       used 73893K, capacity 77608K, committed 77824K, reserved 1116160K
  class space    used 9688K, capacity 10419K, committed 10496K, reserved 1048576K
}

